[INFO|utils.py:32] 2021-07-23 11:41:33 Writing logs at ./logs/log-20210723-02.log
[INFO|main.py:32] 2021-07-23 11:41:33 **************************Load SemEval_Restaurants_2014 Dataset
[INFO|tokenization.py:190] 2021-07-23 11:41:34 loading vocabulary file https://s3.amazonaws.com/models.huggingface.co/bert/bert-base-uncased-vocab.txt from cache at /home/kkh/.pytorch_pretrained_bert/26bc1ad6c0ac742e9b52263248f6d0f00068293b33709fae12320c0e35ccfbbb.542ce4285a40d23a559526243235df47c5f75c197f04f37d1a0c124c32c9a084
[INFO|main.py:113] 2021-07-23 11:41:38 ============================Training Start=====================================
[INFO|main.py:114] 2021-07-23 11:41:38  Training Exampels : 95
[INFO|main.py:115] 2021-07-23 11:41:38  Batch Size : 32
[INFO|main.py:118] 2021-07-23 11:41:38 Model save path: ./model_save/20210723-01
[INFO|main.py:125] 2021-07-23 11:41:38 ====================================Train====================================
[INFO|main.py:127] 2021-07-23 11:41:51 [Epoch 1] train_loss : 0.39555077568480845
[INFO|main.py:128] 2021-07-23 11:41:51 ====================================Test====================================
[INFO|main.py:125] 2021-07-23 11:41:54 ====================================Train====================================
[INFO|main.py:127] 2021-07-23 11:42:05 [Epoch 2] train_loss : 0.2104452820200669
[INFO|main.py:128] 2021-07-23 11:42:05 ====================================Test====================================
[INFO|main.py:125] 2021-07-23 11:42:07 ====================================Train====================================
[INFO|main.py:127] 2021-07-23 11:42:19 [Epoch 3] train_loss : 0.1682421197232447
[INFO|main.py:128] 2021-07-23 11:42:19 ====================================Test====================================
[INFO|main.py:125] 2021-07-23 11:42:21 ====================================Train====================================
[INFO|main.py:127] 2021-07-23 11:42:33 [Epoch 4] train_loss : 0.14719060926060928
[INFO|main.py:128] 2021-07-23 11:42:33 ====================================Test====================================
[INFO|main.py:125] 2021-07-23 11:42:35 ====================================Train====================================
[INFO|main.py:127] 2021-07-23 11:42:47 [Epoch 5] train_loss : 0.1349073464148923
[INFO|main.py:128] 2021-07-23 11:42:47 ====================================Test====================================
[INFO|main.py:125] 2021-07-23 11:42:49 ====================================Train====================================
[INFO|main.py:127] 2021-07-23 11:43:00 [Epoch 6] train_loss : 0.12830397886665243
[INFO|main.py:128] 2021-07-23 11:43:00 ====================================Test====================================
[INFO|main.py:125] 2021-07-23 11:43:02 ====================================Train====================================
[INFO|main.py:127] 2021-07-23 11:43:14 [Epoch 7] train_loss : 0.12192197665572166
[INFO|main.py:128] 2021-07-23 11:43:14 ====================================Test====================================
[INFO|main.py:125] 2021-07-23 11:43:16 ====================================Train====================================
[INFO|main.py:127] 2021-07-23 11:43:28 [Epoch 8] train_loss : 0.11569608061721451
[INFO|main.py:128] 2021-07-23 11:43:28 ====================================Test====================================
[INFO|main.py:125] 2021-07-23 11:43:30 ====================================Train====================================
[INFO|main.py:127] 2021-07-23 11:43:42 [Epoch 9] train_loss : 0.11117381833885845
[INFO|main.py:128] 2021-07-23 11:43:42 ====================================Test====================================
[INFO|main.py:125] 2021-07-23 11:43:44 ====================================Train====================================
[INFO|main.py:127] 2021-07-23 11:43:56 [Epoch 10] train_loss : 0.10860344638165674
[INFO|main.py:128] 2021-07-23 11:43:56 ====================================Test====================================
[INFO|main.py:125] 2021-07-23 11:43:58 ====================================Train====================================
[INFO|main.py:127] 2021-07-23 11:44:10 [Epoch 11] train_loss : 0.10543178653246478
[INFO|main.py:128] 2021-07-23 11:44:10 ====================================Test====================================
[INFO|main.py:125] 2021-07-23 11:44:12 ====================================Train====================================
[INFO|main.py:127] 2021-07-23 11:44:24 [Epoch 12] train_loss : 0.10151460080554611
[INFO|main.py:128] 2021-07-23 11:44:24 ====================================Test====================================
[INFO|main.py:125] 2021-07-23 11:44:26 ====================================Train====================================
[INFO|main.py:127] 2021-07-23 11:44:37 [Epoch 13] train_loss : 0.09919527596548984
[INFO|main.py:128] 2021-07-23 11:44:37 ====================================Test====================================
[INFO|main.py:125] 2021-07-23 11:44:39 ====================================Train====================================
[INFO|main.py:127] 2021-07-23 11:44:51 [Epoch 14] train_loss : 0.09660274009955556
[INFO|main.py:128] 2021-07-23 11:44:51 ====================================Test====================================
[INFO|main.py:125] 2021-07-23 11:44:53 ====================================Train====================================
[INFO|main.py:127] 2021-07-23 11:45:05 [Epoch 15] train_loss : 0.0941618594684099
[INFO|main.py:128] 2021-07-23 11:45:05 ====================================Test====================================
[INFO|main.py:125] 2021-07-23 11:45:07 ====================================Train====================================
[INFO|main.py:127] 2021-07-23 11:45:19 [Epoch 16] train_loss : 0.0901322191679164
[INFO|main.py:128] 2021-07-23 11:45:19 ====================================Test====================================
[INFO|main.py:125] 2021-07-23 11:45:21 ====================================Train====================================
[INFO|main.py:127] 2021-07-23 11:45:33 [Epoch 17] train_loss : 0.08922481903512226
[INFO|main.py:128] 2021-07-23 11:45:33 ====================================Test====================================
[INFO|main.py:125] 2021-07-23 11:45:35 ====================================Train====================================
[INFO|main.py:127] 2021-07-23 11:45:47 [Epoch 18] train_loss : 0.086835999767247
[INFO|main.py:128] 2021-07-23 11:45:47 ====================================Test====================================
[INFO|main.py:125] 2021-07-23 11:45:49 ====================================Train====================================
[INFO|main.py:127] 2021-07-23 11:46:01 [Epoch 19] train_loss : 0.08498231741158586
[INFO|main.py:128] 2021-07-23 11:46:01 ====================================Test====================================
[INFO|main.py:125] 2021-07-23 11:46:03 ====================================Train====================================
[INFO|main.py:127] 2021-07-23 11:46:14 [Epoch 20] train_loss : 0.08199585636979655
[INFO|main.py:128] 2021-07-23 11:46:14 ====================================Test====================================
[INFO|main.py:125] 2021-07-23 11:46:16 ====================================Train====================================
[INFO|main.py:127] 2021-07-23 11:46:28 [Epoch 21] train_loss : 0.08199181593954563
[INFO|main.py:128] 2021-07-23 11:46:28 ====================================Test====================================
[INFO|main.py:125] 2021-07-23 11:46:30 ====================================Train====================================
[INFO|main.py:127] 2021-07-23 11:46:42 [Epoch 22] train_loss : 0.07829643948689888
[INFO|main.py:128] 2021-07-23 11:46:42 ====================================Test====================================
[INFO|main.py:125] 2021-07-23 11:46:44 ====================================Train====================================
[INFO|main.py:127] 2021-07-23 11:46:56 [Epoch 23] train_loss : 0.07640952062057821
[INFO|main.py:128] 2021-07-23 11:46:56 ====================================Test====================================
[INFO|main.py:125] 2021-07-23 11:46:58 ====================================Train====================================
[INFO|main.py:127] 2021-07-23 11:47:10 [Epoch 24] train_loss : 0.07442910349682758
[INFO|main.py:128] 2021-07-23 11:47:10 ====================================Test====================================
[INFO|main.py:125] 2021-07-23 11:47:12 ====================================Train====================================
[INFO|main.py:127] 2021-07-23 11:47:24 [Epoch 25] train_loss : 0.07418433165079669
[INFO|main.py:128] 2021-07-23 11:47:24 ====================================Test====================================
[INFO|main.py:125] 2021-07-23 11:47:26 ====================================Train====================================
[INFO|main.py:127] 2021-07-23 11:47:38 [Epoch 26] train_loss : 0.07133637605921218
[INFO|main.py:128] 2021-07-23 11:47:38 ====================================Test====================================
[INFO|main.py:125] 2021-07-23 11:47:40 ====================================Train====================================
[INFO|main.py:127] 2021-07-23 11:47:52 [Epoch 27] train_loss : 0.07104587207891438
[INFO|main.py:128] 2021-07-23 11:47:52 ====================================Test====================================
[INFO|main.py:125] 2021-07-23 11:47:53 ====================================Train====================================
[INFO|main.py:127] 2021-07-23 11:48:05 [Epoch 28] train_loss : 0.07002194537536094
[INFO|main.py:128] 2021-07-23 11:48:05 ====================================Test====================================
[INFO|main.py:125] 2021-07-23 11:48:07 ====================================Train====================================
[INFO|main.py:127] 2021-07-23 11:48:19 [Epoch 29] train_loss : 0.06675120605842064
[INFO|main.py:128] 2021-07-23 11:48:19 ====================================Test====================================
[INFO|main.py:125] 2021-07-23 11:48:21 ====================================Train====================================
[INFO|main.py:127] 2021-07-23 11:48:33 [Epoch 30] train_loss : 0.06588871047685022
[INFO|main.py:128] 2021-07-23 11:48:33 ====================================Test====================================
[INFO|main.py:125] 2021-07-23 11:48:35 ====================================Train====================================
[INFO|main.py:127] 2021-07-23 11:48:47 [Epoch 31] train_loss : 0.06491763348642149
[INFO|main.py:128] 2021-07-23 11:48:47 ====================================Test====================================
[INFO|main.py:125] 2021-07-23 11:48:49 ====================================Train====================================
[INFO|main.py:127] 2021-07-23 11:49:01 [Epoch 32] train_loss : 0.06442982762267715
[INFO|main.py:128] 2021-07-23 11:49:01 ====================================Test====================================
[INFO|main.py:125] 2021-07-23 11:49:03 ====================================Train====================================
[INFO|main.py:127] 2021-07-23 11:49:15 [Epoch 33] train_loss : 0.0621683895783989
[INFO|main.py:128] 2021-07-23 11:49:15 ====================================Test====================================
[INFO|main.py:125] 2021-07-23 11:49:17 ====================================Train====================================
[INFO|main.py:127] 2021-07-23 11:49:29 [Epoch 34] train_loss : 0.06172429585927411
[INFO|main.py:128] 2021-07-23 11:49:29 ====================================Test====================================
[INFO|main.py:125] 2021-07-23 11:49:31 ====================================Train====================================
[INFO|main.py:127] 2021-07-23 11:49:42 [Epoch 35] train_loss : 0.06011472726730924
[INFO|main.py:128] 2021-07-23 11:49:42 ====================================Test====================================
[INFO|main.py:125] 2021-07-23 11:49:44 ====================================Train====================================
[INFO|main.py:127] 2021-07-23 11:49:56 [Epoch 36] train_loss : 0.05817986722839506
[INFO|main.py:128] 2021-07-23 11:49:56 ====================================Test====================================
[INFO|main.py:125] 2021-07-23 11:49:58 ====================================Train====================================
[INFO|main.py:127] 2021-07-23 11:50:10 [Epoch 37] train_loss : 0.05845712154711548
[INFO|main.py:128] 2021-07-23 11:50:10 ====================================Test====================================
[INFO|main.py:125] 2021-07-23 11:50:12 ====================================Train====================================
[INFO|main.py:127] 2021-07-23 11:50:24 [Epoch 38] train_loss : 0.05664562208479956
[INFO|main.py:128] 2021-07-23 11:50:24 ====================================Test====================================
[INFO|main.py:125] 2021-07-23 11:50:26 ====================================Train====================================
[INFO|main.py:127] 2021-07-23 11:50:38 [Epoch 39] train_loss : 0.05584205791942383
[INFO|main.py:128] 2021-07-23 11:50:38 ====================================Test====================================
[INFO|main.py:125] 2021-07-23 11:50:40 ====================================Train====================================
[INFO|main.py:127] 2021-07-23 11:50:52 [Epoch 40] train_loss : 0.05319225530287153
[INFO|main.py:128] 2021-07-23 11:50:52 ====================================Test====================================
[INFO|main.py:125] 2021-07-23 11:50:54 ====================================Train====================================
[INFO|main.py:127] 2021-07-23 11:51:06 [Epoch 41] train_loss : 0.052978654735182464
[INFO|main.py:128] 2021-07-23 11:51:06 ====================================Test====================================
[INFO|main.py:125] 2021-07-23 11:51:08 ====================================Train====================================
[INFO|main.py:127] 2021-07-23 11:51:19 [Epoch 42] train_loss : 0.051643468096460164
[INFO|main.py:128] 2021-07-23 11:51:19 ====================================Test====================================
[INFO|main.py:125] 2021-07-23 11:51:21 ====================================Train====================================
[INFO|main.py:127] 2021-07-23 11:51:33 [Epoch 43] train_loss : 0.05111739609978701
[INFO|main.py:128] 2021-07-23 11:51:33 ====================================Test====================================
[INFO|main.py:125] 2021-07-23 11:51:35 ====================================Train====================================
[INFO|main.py:127] 2021-07-23 11:51:47 [Epoch 44] train_loss : 0.05148724944967972
[INFO|main.py:128] 2021-07-23 11:51:47 ====================================Test====================================
[INFO|main.py:125] 2021-07-23 11:51:49 ====================================Train====================================
[INFO|main.py:127] 2021-07-23 11:52:01 [Epoch 45] train_loss : 0.04893557696946357
[INFO|main.py:128] 2021-07-23 11:52:01 ====================================Test====================================
[INFO|main.py:125] 2021-07-23 11:52:03 ====================================Train====================================
[INFO|main.py:127] 2021-07-23 11:52:15 [Epoch 46] train_loss : 0.04807378914403288
[INFO|main.py:128] 2021-07-23 11:52:15 ====================================Test====================================
[INFO|main.py:125] 2021-07-23 11:52:17 ====================================Train====================================
[INFO|main.py:127] 2021-07-23 11:52:29 [Epoch 47] train_loss : 0.04659131320291444
[INFO|main.py:128] 2021-07-23 11:52:29 ====================================Test====================================
[INFO|main.py:125] 2021-07-23 11:52:30 ====================================Train====================================
[INFO|main.py:127] 2021-07-23 11:52:42 [Epoch 48] train_loss : 0.04667940642684698
[INFO|main.py:128] 2021-07-23 11:52:42 ====================================Test====================================
[INFO|main.py:125] 2021-07-23 11:52:44 ====================================Train====================================
[INFO|main.py:127] 2021-07-23 11:52:56 [Epoch 49] train_loss : 0.044802185569546724
[INFO|main.py:128] 2021-07-23 11:52:56 ====================================Test====================================
[INFO|main.py:125] 2021-07-23 11:52:58 ====================================Train====================================
[INFO|main.py:127] 2021-07-23 11:53:10 [Epoch 50] train_loss : 0.043644452212672484
[INFO|main.py:128] 2021-07-23 11:53:10 ====================================Test====================================
[INFO|main.py:125] 2021-07-23 11:53:12 ====================================Train====================================
[INFO|main.py:127] 2021-07-23 11:53:24 [Epoch 51] train_loss : 0.042304290772268646
[INFO|main.py:128] 2021-07-23 11:53:24 ====================================Test====================================
[INFO|main.py:125] 2021-07-23 11:53:26 ====================================Train====================================
[INFO|main.py:127] 2021-07-23 11:53:38 [Epoch 52] train_loss : 0.04224252541010317
[INFO|main.py:128] 2021-07-23 11:53:38 ====================================Test====================================
[INFO|main.py:125] 2021-07-23 11:53:40 ====================================Train====================================
[INFO|main.py:127] 2021-07-23 11:53:52 [Epoch 53] train_loss : 0.04233889365568757
[INFO|main.py:128] 2021-07-23 11:53:52 ====================================Test====================================
[INFO|main.py:125] 2021-07-23 11:53:54 ====================================Train====================================
[INFO|main.py:127] 2021-07-23 11:54:05 [Epoch 54] train_loss : 0.04034570824158819
[INFO|main.py:128] 2021-07-23 11:54:05 ====================================Test====================================
[INFO|main.py:125] 2021-07-23 11:54:07 ====================================Train====================================
[INFO|main.py:127] 2021-07-23 11:54:19 [Epoch 55] train_loss : 0.03818025535070582
[INFO|main.py:128] 2021-07-23 11:54:19 ====================================Test====================================
[INFO|main.py:125] 2021-07-23 11:54:21 ====================================Train====================================
[INFO|main.py:127] 2021-07-23 11:54:33 [Epoch 56] train_loss : 0.03924568516300305
[INFO|main.py:128] 2021-07-23 11:54:33 ====================================Test====================================
[INFO|main.py:125] 2021-07-23 11:54:35 ====================================Train====================================
[INFO|main.py:127] 2021-07-23 11:54:47 [Epoch 57] train_loss : 0.03751034823393351
[INFO|main.py:128] 2021-07-23 11:54:47 ====================================Test====================================
[INFO|main.py:125] 2021-07-23 11:54:49 ====================================Train====================================
[INFO|main.py:127] 2021-07-23 11:55:01 [Epoch 58] train_loss : 0.0363490890711546
[INFO|main.py:128] 2021-07-23 11:55:01 ====================================Test====================================
[INFO|main.py:125] 2021-07-23 11:55:03 ====================================Train====================================
[INFO|main.py:127] 2021-07-23 11:55:15 [Epoch 59] train_loss : 0.0367219850028816
[INFO|main.py:128] 2021-07-23 11:55:15 ====================================Test====================================
[INFO|main.py:125] 2021-07-23 11:55:17 ====================================Train====================================
[INFO|main.py:127] 2021-07-23 11:55:29 [Epoch 60] train_loss : 0.03538980207553035
[INFO|main.py:128] 2021-07-23 11:55:29 ====================================Test====================================
[INFO|main.py:125] 2021-07-23 11:55:31 ====================================Train====================================
[INFO|main.py:127] 2021-07-23 11:55:42 [Epoch 61] train_loss : 0.03364925017384322
[INFO|main.py:128] 2021-07-23 11:55:42 ====================================Test====================================
[INFO|main.py:125] 2021-07-23 11:55:44 ====================================Train====================================
[INFO|main.py:127] 2021-07-23 11:55:56 [Epoch 62] train_loss : 0.03476148630541406
[INFO|main.py:128] 2021-07-23 11:55:56 ====================================Test====================================
[INFO|main.py:125] 2021-07-23 11:55:58 ====================================Train====================================
[INFO|main.py:127] 2021-07-23 11:56:10 [Epoch 63] train_loss : 0.03344864670285269
[INFO|main.py:128] 2021-07-23 11:56:10 ====================================Test====================================
[INFO|main.py:125] 2021-07-23 11:56:12 ====================================Train====================================
[INFO|main.py:127] 2021-07-23 11:56:24 [Epoch 64] train_loss : 0.03225168528427419
[INFO|main.py:128] 2021-07-23 11:56:24 ====================================Test====================================
[INFO|main.py:125] 2021-07-23 11:56:26 ====================================Train====================================
[INFO|main.py:127] 2021-07-23 11:56:38 [Epoch 65] train_loss : 0.03126852068265802
[INFO|main.py:128] 2021-07-23 11:56:38 ====================================Test====================================
[INFO|main.py:125] 2021-07-23 11:56:40 ====================================Train====================================
[INFO|main.py:127] 2021-07-23 11:56:52 [Epoch 66] train_loss : 0.031824708999575756
[INFO|main.py:128] 2021-07-23 11:56:52 ====================================Test====================================
[INFO|main.py:125] 2021-07-23 11:56:54 ====================================Train====================================
[INFO|main.py:127] 2021-07-23 11:57:05 [Epoch 67] train_loss : 0.03106518024088521
[INFO|main.py:128] 2021-07-23 11:57:05 ====================================Test====================================
[INFO|main.py:125] 2021-07-23 11:57:07 ====================================Train====================================
[INFO|main.py:127] 2021-07-23 11:57:19 [Epoch 68] train_loss : 0.029329199270394287
[INFO|main.py:128] 2021-07-23 11:57:19 ====================================Test====================================
[INFO|main.py:125] 2021-07-23 11:57:21 ====================================Train====================================
[INFO|main.py:127] 2021-07-23 11:57:33 [Epoch 69] train_loss : 0.029342426746887595
[INFO|main.py:128] 2021-07-23 11:57:33 ====================================Test====================================
[INFO|main.py:125] 2021-07-23 11:57:35 ====================================Train====================================
[INFO|main.py:127] 2021-07-23 11:57:47 [Epoch 70] train_loss : 0.02767213159976037
[INFO|main.py:128] 2021-07-23 11:57:47 ====================================Test====================================
[INFO|main.py:125] 2021-07-23 11:57:49 ====================================Train====================================
[INFO|main.py:127] 2021-07-23 11:58:01 [Epoch 71] train_loss : 0.027901217115944937
[INFO|main.py:128] 2021-07-23 11:58:01 ====================================Test====================================
[INFO|main.py:125] 2021-07-23 11:58:03 ====================================Train====================================
[INFO|main.py:127] 2021-07-23 11:58:15 [Epoch 72] train_loss : 0.026779481224519643
[INFO|main.py:128] 2021-07-23 11:58:15 ====================================Test====================================
[INFO|main.py:125] 2021-07-23 11:58:17 ====================================Train====================================
[INFO|main.py:127] 2021-07-23 11:58:28 [Epoch 73] train_loss : 0.025329966759799344
[INFO|main.py:128] 2021-07-23 11:58:28 ====================================Test====================================
[INFO|main.py:125] 2021-07-23 11:58:30 ====================================Train====================================
[INFO|main.py:127] 2021-07-23 11:58:42 [Epoch 74] train_loss : 0.025802708343651733
[INFO|main.py:128] 2021-07-23 11:58:42 ====================================Test====================================
[INFO|main.py:125] 2021-07-23 11:58:44 ====================================Train====================================
[INFO|main.py:127] 2021-07-23 11:58:56 [Epoch 75] train_loss : 0.025734614948497006
[INFO|main.py:128] 2021-07-23 11:58:56 ====================================Test====================================
[INFO|main.py:125] 2021-07-23 11:58:58 ====================================Train====================================
[INFO|main.py:127] 2021-07-23 11:59:10 [Epoch 76] train_loss : 0.02442141407733097
[INFO|main.py:128] 2021-07-23 11:59:10 ====================================Test====================================
[INFO|main.py:125] 2021-07-23 11:59:12 ====================================Train====================================
[INFO|main.py:127] 2021-07-23 11:59:24 [Epoch 77] train_loss : 0.024870750812911673
[INFO|main.py:128] 2021-07-23 11:59:24 ====================================Test====================================
[INFO|main.py:125] 2021-07-23 11:59:26 ====================================Train====================================
[INFO|main.py:127] 2021-07-23 11:59:38 [Epoch 78] train_loss : 0.024574458751043207
[INFO|main.py:128] 2021-07-23 11:59:38 ====================================Test====================================
[INFO|main.py:125] 2021-07-23 11:59:40 ====================================Train====================================
[INFO|main.py:127] 2021-07-23 11:59:51 [Epoch 79] train_loss : 0.02351360186738403
[INFO|main.py:128] 2021-07-23 11:59:51 ====================================Test====================================
[INFO|main.py:125] 2021-07-23 11:59:53 ====================================Train====================================
[INFO|main.py:127] 2021-07-23 12:00:05 [Epoch 80] train_loss : 0.022323648119345306
[INFO|main.py:128] 2021-07-23 12:00:05 ====================================Test====================================
[INFO|main.py:125] 2021-07-23 12:00:07 ====================================Train====================================
[INFO|main.py:127] 2021-07-23 12:00:19 [Epoch 81] train_loss : 0.023006860933903802
[INFO|main.py:128] 2021-07-23 12:00:19 ====================================Test====================================
[INFO|main.py:125] 2021-07-23 12:00:21 ====================================Train====================================
[INFO|main.py:127] 2021-07-23 12:00:33 [Epoch 82] train_loss : 0.021539697195648362
[INFO|main.py:128] 2021-07-23 12:00:33 ====================================Test====================================
[INFO|main.py:125] 2021-07-23 12:00:35 ====================================Train====================================
[INFO|main.py:127] 2021-07-23 12:00:47 [Epoch 83] train_loss : 0.020814082315681798
[INFO|main.py:128] 2021-07-23 12:00:47 ====================================Test====================================
[INFO|main.py:125] 2021-07-23 12:00:49 ====================================Train====================================
[INFO|main.py:127] 2021-07-23 12:01:01 [Epoch 84] train_loss : 0.02160039744584968
[INFO|main.py:128] 2021-07-23 12:01:01 ====================================Test====================================
[INFO|main.py:125] 2021-07-23 12:01:03 ====================================Train====================================
[INFO|main.py:127] 2021-07-23 12:01:15 [Epoch 85] train_loss : 0.020428655223038637
[INFO|main.py:128] 2021-07-23 12:01:15 ====================================Test====================================
[INFO|main.py:125] 2021-07-23 12:01:17 ====================================Train====================================
[INFO|main.py:127] 2021-07-23 12:01:28 [Epoch 86] train_loss : 0.018988861106826287
[INFO|main.py:128] 2021-07-23 12:01:28 ====================================Test====================================
[INFO|main.py:125] 2021-07-23 12:01:30 ====================================Train====================================
[INFO|main.py:127] 2021-07-23 12:01:42 [Epoch 87] train_loss : 0.019568437605017894
[INFO|main.py:128] 2021-07-23 12:01:42 ====================================Test====================================
[INFO|main.py:125] 2021-07-23 12:01:44 ====================================Train====================================
[INFO|main.py:127] 2021-07-23 12:01:56 [Epoch 88] train_loss : 0.01841942559878685
[INFO|main.py:128] 2021-07-23 12:01:56 ====================================Test====================================
[INFO|main.py:125] 2021-07-23 12:01:58 ====================================Train====================================
[INFO|main.py:127] 2021-07-23 12:02:10 [Epoch 89] train_loss : 0.018199707849539424
[INFO|main.py:128] 2021-07-23 12:02:10 ====================================Test====================================
[INFO|main.py:125] 2021-07-23 12:02:12 ====================================Train====================================
[INFO|main.py:127] 2021-07-23 12:02:24 [Epoch 90] train_loss : 0.01791034488644647
[INFO|main.py:128] 2021-07-23 12:02:24 ====================================Test====================================
[INFO|main.py:125] 2021-07-23 12:02:26 ====================================Train====================================
[INFO|main.py:127] 2021-07-23 12:02:38 [Epoch 91] train_loss : 0.017886921787928594
[INFO|main.py:128] 2021-07-23 12:02:38 ====================================Test====================================
[INFO|main.py:125] 2021-07-23 12:02:40 ====================================Train====================================
[INFO|main.py:127] 2021-07-23 12:02:51 [Epoch 92] train_loss : 0.017405647951129234
[INFO|main.py:128] 2021-07-23 12:02:51 ====================================Test====================================
[INFO|main.py:125] 2021-07-23 12:02:53 ====================================Train====================================
[INFO|main.py:127] 2021-07-23 12:03:05 [Epoch 93] train_loss : 0.016818582702820238
[INFO|main.py:128] 2021-07-23 12:03:05 ====================================Test====================================
[INFO|main.py:125] 2021-07-23 12:03:07 ====================================Train====================================
[INFO|main.py:127] 2021-07-23 12:03:19 [Epoch 94] train_loss : 0.016562540211567753
[INFO|main.py:128] 2021-07-23 12:03:19 ====================================Test====================================
[INFO|main.py:125] 2021-07-23 12:03:21 ====================================Train====================================
[INFO|main.py:127] 2021-07-23 12:03:33 [Epoch 95] train_loss : 0.0164035560881817
[INFO|main.py:128] 2021-07-23 12:03:33 ====================================Test====================================
[INFO|main.py:125] 2021-07-23 12:03:35 ====================================Train====================================
[INFO|main.py:127] 2021-07-23 12:03:47 [Epoch 96] train_loss : 0.015304663441585082
[INFO|main.py:128] 2021-07-23 12:03:47 ====================================Test====================================
[INFO|main.py:125] 2021-07-23 12:03:49 ====================================Train====================================
[INFO|main.py:127] 2021-07-23 12:04:01 [Epoch 97] train_loss : 0.015525852557957957
[INFO|main.py:128] 2021-07-23 12:04:01 ====================================Test====================================
[INFO|main.py:125] 2021-07-23 12:04:03 ====================================Train====================================
[INFO|main.py:127] 2021-07-23 12:04:15 [Epoch 98] train_loss : 0.014332157530282674
[INFO|main.py:128] 2021-07-23 12:04:15 ====================================Test====================================
[INFO|main.py:125] 2021-07-23 12:04:17 ====================================Train====================================
[INFO|main.py:127] 2021-07-23 12:04:29 [Epoch 99] train_loss : 0.014692787850569737
[INFO|main.py:128] 2021-07-23 12:04:29 ====================================Test====================================
[INFO|main.py:125] 2021-07-23 12:04:31 ====================================Train====================================
[INFO|main.py:127] 2021-07-23 12:04:42 [Epoch 100] train_loss : 0.014841310788975342
[INFO|main.py:128] 2021-07-23 12:04:42 ====================================Test====================================
[INFO|main.py:138] 2021-07-23 12:04:44 [Best Epoch 13] best_loss : 0.13174852784024552
